<?xml version="1.0" encoding="UTF-8"?>
<testng-results ignored="0" total="1" passed="1" failed="0" skipped="0">
  <reporter-output>
  </reporter-output>
  <suite started-at="2024-07-04T22:02:59 IST" name="Default suite" finished-at="2024-07-04T22:03:09 IST" duration-ms="9905">
    <groups>
    </groups>
    <test started-at="2024-07-04T22:02:59 IST" name="Default test" finished-at="2024-07-04T22:03:09 IST" duration-ms="9905">
      <class name="tests.GoogleSearchTest">
        <test-method signature="googleSearch()[pri:0, instance:tests.GoogleSearchTest@3d5c822d]" started-at="2024-07-04T22:02:59 IST" name="googleSearch" finished-at="2024-07-04T22:03:09 IST" duration-ms="9870" status="PASS">
          <reporter-output>
          </reporter-output>
        </test-method> <!-- googleSearch -->
      </class> <!-- tests.GoogleSearchTest -->
    </test> <!-- Default test -->
  </suite> <!-- Default suite -->
</testng-results>
